
-----
Test: test_buy_product.py::test_buy_product_1 (call)
Start time: 2023-04-09 11:23:53.906360
Start name method: authorization

End time: 2023-04-09 11:23:55.077204
End name method: authorization
URL: https://www.saucedemo.com/inventory.html

-----

-----
Test: test_buy_product.py::test_buy_product_1 (call)
Start time: 2023-04-09 11:23:55.077204
Start name method: select_products_1

End time: 2023-04-09 11:23:55.144978
End name method: select_products_1
URL: https://www.saucedemo.com/cart.html

-----

-----
Test: test_buy_product.py::test_buy_product_1 (call)
Start time: 2023-04-09 11:23:55.174878
Start name method: input_information

End time: 2023-04-09 11:23:55.339328
End name method: input_information
URL: https://www.saucedemo.com/checkout-step-two.html

-----

-----
Test: test_buy_product.py::test_buy_product_1 (call)
Start time: 2023-04-09 11:23:55.369228
Start name method: finish

End time: 2023-04-09 11:23:55.491997
End name method: finish
URL: https://www.saucedemo.com/checkout-complete.html

-----
