
-----
Test: test_buy_product.py::test_buy_product_1 (call)
Start time: 2023-04-09 10:08:10.082998
Start name method: authorization

End time: 2023-04-09 10:08:12.340828
End name method: authorization
URL: https://www.saucedemo.com/inventory.html

-----

-----
Test: test_buy_product.py::test_buy_product_1 (call)
Start time: 2023-04-09 10:08:12.340828
Start name method: select_products_1

End time: 2023-04-09 10:08:12.404615
End name method: select_products_1
URL: https://www.saucedemo.com/cart.html

-----

-----
Test: test_buy_product.py::test_buy_product_1 (call)
Start time: 2023-04-09 10:08:12.435512
Start name method: input_information

End time: 2023-04-09 10:08:12.598965
End name method: input_information
URL: https://www.saucedemo.com/checkout-step-two.html

-----

-----
Test: test_buy_product.py::test_buy_product_1 (call)
Start time: 2023-04-09 10:08:12.628866
Start name method: finish

End time: 2023-04-09 10:08:12.753680
End name method: finish
URL: https://www.saucedemo.com/checkout-complete.html

-----
