
-----
Test: test_buy_product.py::test_buy_product_1 (call)
Start time: 2023-04-09 11:43:22.252774
Start name method: authorization

End time: 2023-04-09 11:43:23.185125
End name method: authorization
URL: https://www.saucedemo.com/inventory.html

-----

-----
Test: test_buy_product.py::test_buy_product_1 (call)
Start time: 2023-04-09 11:43:23.185125
Start name method: select_products_1

End time: 2023-04-09 11:43:23.252898
End name method: select_products_1
URL: https://www.saucedemo.com/cart.html

-----

-----
Test: test_buy_product.py::test_buy_product_1 (call)
Start time: 2023-04-09 11:43:23.470172
Start name method: finish

End time: 2023-04-09 11:43:23.603775
End name method: finish
URL: https://www.saucedemo.com/checkout-complete.html

-----
