
-----
Test: test_buy_product.py::test_buy_product_1 (call)
Start time: 2023-04-09 11:06:18.881146
Start name method: authorization

End time: 2023-04-09 11:06:20.003900
End name method: authorization
URL: https://www.saucedemo.com/inventory.html

-----

-----
Test: test_buy_product.py::test_buy_product_1 (call)
Start time: 2023-04-09 11:06:20.003900
Start name method: select_products_1

End time: 2023-04-09 11:06:20.069679
End name method: select_products_1
URL: https://www.saucedemo.com/cart.html

-----

-----
Test: test_buy_product.py::test_buy_product_1 (call)
Start time: 2023-04-09 11:06:20.099578
Start name method: input_information

End time: 2023-04-09 11:06:20.260042
End name method: input_information
URL: https://www.saucedemo.com/checkout-step-two.html

-----

-----
Test: test_buy_product.py::test_buy_product_1 (call)
Start time: 2023-04-09 11:06:20.288945
Start name method: finish

End time: 2023-04-09 11:06:20.387518
End name method: finish
URL: https://www.saucedemo.com/checkout-complete.html

-----
