
-----
Test: test_buy_product.py::test_buy_product_1 (call)
Start time: 2023-04-09 11:36:46.520286
Start name method: authorization

End time: 2023-04-09 11:36:47.602587
End name method: authorization
URL: https://www.saucedemo.com/inventory.html

-----

-----
Test: test_buy_product.py::test_buy_product_1 (call)
Start time: 2023-04-09 11:36:47.602587
Start name method: select_products_1

End time: 2023-04-09 11:36:47.667370
End name method: select_products_1
URL: https://www.saucedemo.com/cart.html

-----

-----
Test: test_buy_product.py::test_buy_product_1 (call)
Start time: 2023-04-09 11:36:47.892043
Start name method: finish

End time: 2023-04-09 11:36:48.009099
End name method: finish
URL: https://www.saucedemo.com/checkout-complete.html

-----
